2021-11-01 22:17:07 882 [ERROR] [main] [com.changingpay.nettytest.NettyTest] netty通讯异常
java.lang.NullPointerException
	at com.changingpay.nettytest.NettyTest.startNettyServer(NettyTest.java:38)
	at sun.reflect.NativeMethodAccessorImpl.invoke0(Native Method)
	at sun.reflect.NativeMethodAccessorImpl.invoke(NativeMethodAccessorImpl.java:62)
	at sun.reflect.DelegatingMethodAccessorImpl.invoke(DelegatingMethodAccessorImpl.java:43)
	at java.lang.reflect.Method.invoke(Method.java:498)
	at org.junit.runners.model.FrameworkMethod$1.runReflectiveCall(FrameworkMethod.java:50)
	at org.junit.internal.runners.model.ReflectiveCallable.run(ReflectiveCallable.java:12)
	at org.junit.runners.model.FrameworkMethod.invokeExplosively(FrameworkMethod.java:47)
	at org.junit.internal.runners.statements.InvokeMethod.evaluate(InvokeMethod.java:17)
	at org.junit.runners.ParentRunner.runLeaf(ParentRunner.java:325)
	at org.junit.runners.BlockJUnit4ClassRunner.runChild(BlockJUnit4ClassRunner.java:78)
	at org.junit.runners.BlockJUnit4ClassRunner.runChild(BlockJUnit4ClassRunner.java:57)
	at org.junit.runners.ParentRunner$3.run(ParentRunner.java:290)
	at org.junit.runners.ParentRunner$1.schedule(ParentRunner.java:71)
	at org.junit.runners.ParentRunner.runChildren(ParentRunner.java:288)
	at org.junit.runners.ParentRunner.access$000(ParentRunner.java:58)
	at org.junit.runners.ParentRunner$2.evaluate(ParentRunner.java:268)
	at org.junit.runners.ParentRunner.run(ParentRunner.java:363)
	at org.apache.maven.surefire.junit4.JUnit4Provider.execute(JUnit4Provider.java:252)
	at org.apache.maven.surefire.junit4.JUnit4Provider.executeTestSet(JUnit4Provider.java:141)
	at org.apache.maven.surefire.junit4.JUnit4Provider.invoke(JUnit4Provider.java:112)
	at sun.reflect.NativeMethodAccessorImpl.invoke0(Native Method)
	at sun.reflect.NativeMethodAccessorImpl.invoke(NativeMethodAccessorImpl.java:62)
	at sun.reflect.DelegatingMethodAccessorImpl.invoke(DelegatingMethodAccessorImpl.java:43)
	at java.lang.reflect.Method.invoke(Method.java:498)
	at org.apache.maven.surefire.util.ReflectionUtils.invokeMethodWithArray(ReflectionUtils.java:189)
	at org.apache.maven.surefire.booter.ProviderFactory$ProviderProxy.invoke(ProviderFactory.java:165)
	at org.apache.maven.surefire.booter.ProviderFactory.invokeProvider(ProviderFactory.java:85)
	at org.apache.maven.surefire.booter.ForkedBooter.runSuitesInProcess(ForkedBooter.java:115)
	at org.apache.maven.surefire.booter.ForkedBooter.main(ForkedBooter.java:75)
2021-11-01 22:17:07 973 [INFO] [main] [org.springframework.context.support.ClassPathXmlApplicationContext] Refreshing org.springframework.context.support.ClassPathXmlApplicationContext@3701eaf6: startup date [Mon Nov 01 22:17:07 CST 2021]; root of context hierarchy
2021-11-01 22:17:08 039 [INFO] [main] [org.springframework.beans.factory.xml.XmlBeanDefinitionReader] Loading XML bean definitions from class path resource [applicationContext.xml]
2021-11-01 22:17:08 310 [INFO] [main] [org.springframework.beans.factory.support.DefaultListableBeanFactory] Pre-instantiating singletons in org.springframework.beans.factory.support.DefaultListableBeanFactory@7b227d8d: defining beans [org.springframework.context.annotation.internalConfigurationAnnotationProcessor,org.springframework.context.annotation.internalAutowiredAnnotationProcessor,org.springframework.context.annotation.internalRequiredAnnotationProcessor,org.springframework.context.annotation.internalCommonAnnotationProcessor,org.springframework.context.annotation.internalAsyncAnnotationProcessor,org.springframework.context.annotation.internalScheduledAnnotationProcessor,taskB,taskA,taskExecutor,serverPortConfig,org.springframework.context.annotation.ConfigurationClassPostProcessor.importAwareProcessor]; root of factory hierarchy
2021-11-01 22:17:08 347 [INFO] [main] [org.springframework.scheduling.concurrent.ThreadPoolTaskExecutor] Initializing ExecutorService  'taskExecutor'
2021-11-01 22:17:08 355 [INFO] [main] [org.springframework.beans.factory.config.PropertiesFactoryBean] Loading properties file from class path resource [server_port.properties]
2021-11-01 22:17:08 362 [INFO] [测试JVM] [com.changingpay.springtest.TestBeanLoad] -----------线程池执行中------------
2021-11-01 22:17:10 363 [INFO] [测试JVM] [com.changingpay.springtest.TestBeanLoad] -----------线程池执行中------------
2021-11-01 22:17:12 368 [INFO] [测试JVM] [com.changingpay.springtest.TestBeanLoad] -----------线程池执行中------------
2021-11-01 22:17:14 370 [INFO] [测试JVM] [com.changingpay.springtest.TestBeanLoad] -----------线程池执行中------------
2021-11-01 22:17:16 375 [INFO] [测试JVM] [com.changingpay.springtest.TestBeanLoad] -----------线程池执行中------------
2021-11-01 22:17:18 375 [INFO] [测试JVM] [com.changingpay.springtest.TestBeanLoad] -----------线程池执行中------------
2021-11-01 22:17:20 379 [INFO] [测试JVM] [com.changingpay.springtest.TestBeanLoad] -----------线程池执行中------------
2021-11-01 22:17:22 384 [INFO] [测试JVM] [com.changingpay.springtest.TestBeanLoad] -----------线程池执行中------------
