2022-02-22 15:07:17 669 [INFO] [main] [com.liuxin.tspring.engine.LadderRuleExpressParser] [{"income":{"type":"fixed","value":100},"min":10,"max":20}]
2022-02-22 15:20:10 096 [INFO] [main] [com.liuxin.tspring.engine.LadderRuleExpressParser] [{"income":{"type":"fixed","value":"100"},"max":"100","min":"10"},{"income":{"type":"percent","value":"80"},"max":"600","min":"200"},{"income":{"type":"fixed","value":"200"},"max":"1500","min":"1000"}]
2022-02-22 15:22:06 161 [INFO] [main] [com.liuxin.tspring.engine.LadderRuleExpressParser] Size:3
2022-02-22 15:22:06 175 [INFO] [main] [com.liuxin.tspring.engine.LadderRuleExpressParser] {"income":{"type":"fixed","value":"100"},"max":"100","min":"10"}
2022-02-22 15:22:06 175 [INFO] [main] [com.liuxin.tspring.engine.LadderRuleExpressParser] {"income":{"type":"percent","value":"80"},"max":"600","min":"200"}
2022-02-22 15:22:06 176 [INFO] [main] [com.liuxin.tspring.engine.LadderRuleExpressParser] {"income":{"type":"fixed","value":"200"},"max":"1500","min":"1000"}
2022-02-22 15:22:30 662 [INFO] [main] [com.liuxin.tspring.engine.LadderRuleExpressParser] Size:3
2022-02-22 15:22:30 677 [INFO] [main] [com.liuxin.tspring.engine.LadderRuleExpressParser] {"income":{"type":"fixed","value":"100"},"max":"100","min":"10"}
2022-02-22 15:22:30 678 [INFO] [main] [com.liuxin.tspring.engine.LadderRuleExpressParser] {"income":{"type":"percent","value":"80"},"max":"600","min":"200"}
2022-02-22 15:22:30 678 [INFO] [main] [com.liuxin.tspring.engine.LadderRuleExpressParser] {"income":{"type":"fixed","value":"200"},"max":"1500","min":"1000"}
2022-02-22 15:23:54 772 [INFO] [main] [com.liuxin.tspring.engine.LadderRuleExpressParser] Size:3
2022-02-22 15:23:54 797 [INFO] [main] [com.liuxin.tspring.engine.LadderRuleExpressParser] {"income":{"type":"fixed","value":"100"},"max":"100","min":"10"}
2022-02-22 15:23:54 797 [INFO] [main] [com.liuxin.tspring.engine.LadderRuleExpressParser] {"income":{"type":"percent","value":"80"},"max":"600","min":"200"}
2022-02-22 15:23:54 797 [INFO] [main] [com.liuxin.tspring.engine.LadderRuleExpressParser] {"income":{"type":"fixed","value":"200"},"max":"1500","min":"1000"}
2022-02-22 16:18:45 416 [INFO] [main] [com.liuxin.tspring.engine.LadderRuleExpressParser] {"expressList":["","",""],"order":0}
2022-02-22 16:19:59 375 [INFO] [main] [com.liuxin.tspring.engine.LadderRuleExpressParser] {"expressList":["","",""],"order":0}
2022-02-22 16:21:07 321 [INFO] [main] [com.liuxin.tspring.engine.LadderRuleExpressParser] {"expressList":["","",""],"order":0}
2022-02-22 16:21:56 287 [INFO] [main] [com.liuxin.tspring.engine.LadderRuleExpressParser] {"expressList":["","",""],"order":0}
2022-02-22 16:22:34 433 [INFO] [main] [com.liuxin.tspring.engine.LadderRuleExpressParser] {"expressList":["","",""],"order":0}
2022-02-22 16:23:48 177 [INFO] [main] [com.liuxin.tspring.engine.LadderRuleExpressParser] {"expressList":["","",""],"order":0}
2022-02-22 16:24:13 754 [INFO] [main] [com.liuxin.tspring.engine.LadderRuleExpressParser] {"expressList":["","",""],"order":0}
2022-02-22 16:24:52 091 [INFO] [main] [com.liuxin.tspring.engine.LadderRuleExpressParser] {"expressList":["","",""],"order":0}
2022-02-22 16:26:23 884 [INFO] [main] [com.liuxin.tspring.engine.LadderRuleExpressParser] {"expressList":["","",""],"order":0}
2022-02-22 16:29:21 233 [INFO] [main] [com.liuxin.tspring.engine.LadderRuleExpressParser] {"expressList":[" countData>10 null  countData<100 countData>100 null "," countData>200 null  countData<600 countData>600 null "," countData>1000 null  countData<1500 countData>1500 null "],"order":0}
2022-02-22 16:30:21 144 [INFO] [main] [com.liuxin.tspring.engine.LadderRuleExpressParser] {"expressList":["( countData>10 null  countData<100) countData>100 null ","( countData>200 null  countData<600) countData>600 null ","( countData>1000 null  countData<1500) countData>1500 null "],"order":0}
2022-02-22 16:31:48 264 [INFO] [main] [com.liuxin.tspring.engine.LadderRuleExpressParser] {"expressList":["( countData>10 null  countData<100) countData>100 null ","( countData>200 null  countData<600) countData>600 null ","( countData>1000 null  countData<1500) countData>1500 null "],"order":0}
2022-02-22 16:32:41 933 [INFO] [main] [com.liuxin.tspring.engine.LadderRuleExpressParser] {"expressList":["( countData>10 and  countData<100) countData>100 or ","( countData>200 and  countData<600) countData>600 or ","( countData>1000 and  countData<1500) countData>1500 or "],"order":0}
2022-02-22 16:37:37 145 [INFO] [main] [com.liuxin.tspring.engine.LadderRuleExpressParser] {"expressList":["( countData>10 and  countData<100 or ) countData>100","( countData>200 and  countData<600 or ) countData>600","( countData>1000 and  countData<1500 or ) countData>1500"],"order":0}
2022-02-22 16:42:00 784 [INFO] [main] [com.liuxin.tspring.engine.LadderRuleExpressParser] {"expressList":["( countData>10 countData<100)null countData>100","( countData>200 countData<600)null countData>600","( countData>1000 countData<1500)null countData>1500"],"order":0}
2022-02-22 16:47:26 400 [INFO] [main] [com.liuxin.tspring.engine.LadderRuleExpressParser] {"expressList":["( countData>10 countData<100 and ) or  countData>100 null ","( countData>200 countData<600 and ) or  countData>600 null ","( countData>1000 countData<1500 and ) or  countData>1500 null "],"order":0}
2022-02-22 16:52:43 969 [INFO] [main] [com.liuxin.tspring.engine.LadderRuleExpressParser] {"expressList":["( countData>10 and  countData<100 or ) countData>100","( countData>200 and  countData<600 or ) countData>600","( countData>1000 and  countData<1500 or ) countData>1500"],"order":0}
2022-02-22 16:53:16 345 [INFO] [main] [com.liuxin.tspring.engine.LadderRuleExpressParser] {"expressList":["( countData>10 and  countData<100) or  countData>100","( countData>200 and  countData<600) or  countData>600","( countData>1000 and  countData<1500) or  countData>1500"],"order":0}
2022-02-22 16:58:29 310 [INFO] [main] [com.liuxin.tspring.engine.LadderRuleExpressParser] {"expressList":["( countData>10 and  countData<100)","( countData>200 and  countData<600)","( countData>1000 and  countData<1500)"],"order":0}
2022-02-22 17:04:16 853 [INFO] [main] [com.liuxin.tspring.engine.LadderRuleExpressParser] {"expressList":["( countData>10 and  countData<100) or  countData>100 or  countData<=1000","( countData>200 and  countData<600) or  countData>600 or  countData<=1000","( countData>1000 and  countData<1500) or  countData>1500 or  countData<=1000"],"order":0}
2022-02-22 17:07:54 971 [INFO] [main] [com.liuxin.tspring.engine.LadderRuleExpressParser] {"expressList":["( countData>10 and  countData<100) or  countData>100 or  countData<=1000","( countData>200 and  countData<600) or  countData>600 or  countData<=1000","( countData>1000 and  countData<1500) or  countData>1500 or  countData<=1000"],"order":0}
2022-02-22 17:09:52 261 [INFO] [main] [com.liuxin.tspring.engine.LadderRuleExpressParser] {"expressList":["( countData>10 and  countData<100) or  countData>100 or  countData<=1000","( countData>200 and  countData<600) or  countData>600 or  countData<=1000","( countData>1000 and  countData<1500) or  countData>1500 or  countData<=1000"],"order":0}
2022-02-22 17:14:04 985 [INFO] [main] [com.liuxin.tspring.engine.LadderRuleExpressParser] {"expressList":["( countData>10 and  countData<100) or  countData>100 or  countData<=1000","( countData>200 and  countData<600) or  countData>600 or  countData<=1000","( countData>1000 and  countData<1500) or  countData>1500 or  countData<=1000"],"order":0}
2022-02-22 17:14:34 821 [INFO] [main] [com.liuxin.tspring.engine.LadderRuleExpressParser] {"expressList":["((( countData>10 and  countData<100) or  countData>100 or  countData<=1000) and  countData>100)","((( countData>200 and  countData<600) or  countData>600 or  countData<=1000) and  countData>600)","((( countData>1000 and  countData<1500) or  countData>1500 or  countData<=1000) and  countData>1500)"],"order":0}
2022-02-22 17:21:52 808 [INFO] [main] [com.liuxin.tspring.engine.LadderRuleExpressParser] {"expressList":[" (countData>10 and countData<100) or  (countData>100 or countData<=1000) and  (countData>100)"," (countData>200 and countData<600) or  (countData>600 or countData<=1000) and  (countData>600)"," (countData>1000 and countData<1500) or  (countData>1500 or countData<=1000) and  (countData>1500)"],"order":0}
2022-02-22 17:24:56 520 [INFO] [main] [com.liuxin.tspring.engine.LadderRuleExpressParser] {"expressList":[" ( ( (countData>10 and countData<100) or  (countData>100 or countData<=1000))  and  (countData>100)) "," ( ( (countData>200 and countData<600) or  (countData>600 or countData<=1000))  and  (countData>600)) "," ( ( (countData>1000 and countData<1500) or  (countData>1500 or countData<=1000))  and  (countData>1500)) "],"order":0}
2022-02-22 17:25:28 173 [INFO] [main] [com.liuxin.tspring.engine.LadderRuleExpressParser] {"expressList":["(((countData>10 and countData<100) or (countData>100 or countData<=1000)) and (countData>100))","(((countData>200 and countData<600) or (countData>600 or countData<=1000)) and (countData>600))","(((countData>1000 and countData<1500) or (countData>1500 or countData<=1000)) and (countData>1500))"],"order":0}
2022-02-22 17:29:58 853 [INFO] [main] [com.liuxin.tspring.engine.LadderRuleExpressParser] (((#countData>10 and #countData<100) or (#countData>100 or #countData<=1000)) and (#countData>2))
2022-02-22 17:29:58 863 [INFO] [main] [com.liuxin.tspring.engine.LadderRuleExpressParser] true
2022-02-22 17:29:58 864 [INFO] [main] [com.liuxin.tspring.engine.LadderRuleExpressParser] (((#countData>200 and #countData<600) or (#countData>600 or #countData<=1000)) and (#countData>2))
2022-02-22 17:29:58 864 [INFO] [main] [com.liuxin.tspring.engine.LadderRuleExpressParser] true
2022-02-22 17:29:58 864 [INFO] [main] [com.liuxin.tspring.engine.LadderRuleExpressParser] (((#countData>1000 and #countData<1500) or (#countData>1500 or #countData<=1000)) and (#countData>2))
2022-02-22 17:29:58 864 [INFO] [main] [com.liuxin.tspring.engine.LadderRuleExpressParser] true
2022-02-22 17:30:43 824 [INFO] [main] [com.liuxin.tspring.engine.LadderRuleExpressParser] (((#countData>10 and #countData<100) or (#countData>100 or #countData<=1000)) or (#countData>20000))
2022-02-22 17:30:43 835 [INFO] [main] [com.liuxin.tspring.engine.LadderRuleExpressParser] true
2022-02-22 17:30:43 835 [INFO] [main] [com.liuxin.tspring.engine.LadderRuleExpressParser] (((#countData>200 and #countData<600) or (#countData>600 or #countData<=1000)) or (#countData>20000))
2022-02-22 17:30:43 835 [INFO] [main] [com.liuxin.tspring.engine.LadderRuleExpressParser] true
2022-02-22 17:30:43 836 [INFO] [main] [com.liuxin.tspring.engine.LadderRuleExpressParser] (((#countData>1000 and #countData<1500) or (#countData>1500 or #countData<=1000)) or (#countData>20000))
2022-02-22 17:30:43 836 [INFO] [main] [com.liuxin.tspring.engine.LadderRuleExpressParser] true
2022-02-22 17:31:47 471 [INFO] [main] [com.liuxin.tspring.engine.LadderRuleExpressParser] (((#countData>10 and #countData<100) or (#countData>100 or #countData<=2000)) and (#countData>20000))
2022-02-22 17:31:47 482 [INFO] [main] [com.liuxin.tspring.engine.LadderRuleExpressParser] false
2022-02-22 17:31:47 482 [INFO] [main] [com.liuxin.tspring.engine.LadderRuleExpressParser] (((#countData>200 and #countData<600) or (#countData>600 or #countData<=2000)) and (#countData>20000))
2022-02-22 17:31:47 482 [INFO] [main] [com.liuxin.tspring.engine.LadderRuleExpressParser] false
2022-02-22 17:31:47 483 [INFO] [main] [com.liuxin.tspring.engine.LadderRuleExpressParser] (((#countData>1000 and #countData<1500) or (#countData>1500 or #countData<=2000)) and (#countData>20000))
2022-02-22 17:31:47 483 [INFO] [main] [com.liuxin.tspring.engine.LadderRuleExpressParser] false
2022-02-22 17:32:10 553 [INFO] [main] [com.liuxin.tspring.engine.LadderRuleExpressParser] (((#countData>10 and #countData<100) or (#countData>100 or #countData<=2000)) or (#countData>20000))
2022-02-22 17:32:10 564 [INFO] [main] [com.liuxin.tspring.engine.LadderRuleExpressParser] true
2022-02-22 17:32:10 564 [INFO] [main] [com.liuxin.tspring.engine.LadderRuleExpressParser] (((#countData>200 and #countData<600) or (#countData>600 or #countData<=2000)) or (#countData>20000))
2022-02-22 17:32:10 564 [INFO] [main] [com.liuxin.tspring.engine.LadderRuleExpressParser] true
2022-02-22 17:32:10 564 [INFO] [main] [com.liuxin.tspring.engine.LadderRuleExpressParser] (((#countData>1000 and #countData<1500) or (#countData>1500 or #countData<=2000)) or (#countData>20000))
2022-02-22 17:32:10 565 [INFO] [main] [com.liuxin.tspring.engine.LadderRuleExpressParser] true
2022-02-22 17:32:13 347 [INFO] [main] [com.liuxin.tspring.engine.LadderRuleExpressParser] (((#countData>10 and #countData<100) or (#countData>100 or #countData<=2000)) or (#countData>20000))
2022-02-22 17:32:13 357 [INFO] [main] [com.liuxin.tspring.engine.LadderRuleExpressParser] true
2022-02-22 17:32:13 358 [INFO] [main] [com.liuxin.tspring.engine.LadderRuleExpressParser] (((#countData>200 and #countData<600) or (#countData>600 or #countData<=2000)) or (#countData>20000))
2022-02-22 17:32:13 358 [INFO] [main] [com.liuxin.tspring.engine.LadderRuleExpressParser] true
2022-02-22 17:32:13 358 [INFO] [main] [com.liuxin.tspring.engine.LadderRuleExpressParser] (((#countData>1000 and #countData<1500) or (#countData>1500 or #countData<=2000)) or (#countData>20000))
2022-02-22 17:32:13 358 [INFO] [main] [com.liuxin.tspring.engine.LadderRuleExpressParser] true
2022-02-22 17:32:51 699 [INFO] [main] [com.liuxin.tspring.engine.LadderRuleExpressParser] (((#countData>10 and #countData<100) or (#countData>100 and #countData<=2000)) or (#countData>20000))
2022-02-22 17:32:51 710 [INFO] [main] [com.liuxin.tspring.engine.LadderRuleExpressParser] true
2022-02-22 17:32:51 710 [INFO] [main] [com.liuxin.tspring.engine.LadderRuleExpressParser] (((#countData>200 and #countData<600) or (#countData>600 and #countData<=2000)) or (#countData>20000))
2022-02-22 17:32:51 710 [INFO] [main] [com.liuxin.tspring.engine.LadderRuleExpressParser] true
2022-02-22 17:32:51 711 [INFO] [main] [com.liuxin.tspring.engine.LadderRuleExpressParser] (((#countData>1000 and #countData<1500) or (#countData>1500 and #countData<=2000)) or (#countData>20000))
2022-02-22 17:32:51 711 [INFO] [main] [com.liuxin.tspring.engine.LadderRuleExpressParser] false
2022-02-22 17:33:20 264 [INFO] [main] [com.liuxin.tspring.engine.LadderRuleExpressParser] (((#countData>10 and #countData<100) or (#countData>100 and #countData<=2000)) or (#countData>20000))
2022-02-22 17:33:20 277 [INFO] [main] [com.liuxin.tspring.engine.LadderRuleExpressParser] true
2022-02-22 17:33:20 277 [INFO] [main] [com.liuxin.tspring.engine.LadderRuleExpressParser] (((#countData>200 and #countData<600) or (#countData>600 and #countData<=2000)) or (#countData>20000))
2022-02-22 17:33:20 277 [INFO] [main] [com.liuxin.tspring.engine.LadderRuleExpressParser] false
2022-02-22 17:33:20 277 [INFO] [main] [com.liuxin.tspring.engine.LadderRuleExpressParser] (((#countData>1000 and #countData<1500) or (#countData>1500 and #countData<=2000)) or (#countData>20000))
2022-02-22 17:33:20 277 [INFO] [main] [com.liuxin.tspring.engine.LadderRuleExpressParser] false
2022-02-22 17:33:32 913 [INFO] [main] [com.liuxin.tspring.engine.LadderRuleExpressParser] (((#countData>10 and #countData<100) or (#countData>100 and #countData<=2000)) or (#countData>20000))
2022-02-22 17:33:32 923 [INFO] [main] [com.liuxin.tspring.engine.LadderRuleExpressParser] true
2022-02-22 17:33:32 923 [INFO] [main] [com.liuxin.tspring.engine.LadderRuleExpressParser] (((#countData>200 and #countData<600) or (#countData>600 and #countData<=2000)) or (#countData>20000))
2022-02-22 17:33:32 923 [INFO] [main] [com.liuxin.tspring.engine.LadderRuleExpressParser] true
2022-02-22 17:33:32 924 [INFO] [main] [com.liuxin.tspring.engine.LadderRuleExpressParser] (((#countData>1000 and #countData<1500) or (#countData>1500 and #countData<=2000)) or (#countData>20000))
2022-02-22 17:33:32 924 [INFO] [main] [com.liuxin.tspring.engine.LadderRuleExpressParser] false
2022-02-22 17:33:52 128 [INFO] [main] [com.liuxin.tspring.engine.LadderRuleExpressParser] (((#countData>10 and #countData<100) or (#countData>100 and #countData<=2000)) or (#countData>20000))
2022-02-22 17:33:52 138 [INFO] [main] [com.liuxin.tspring.engine.LadderRuleExpressParser] true
2022-02-22 17:33:52 139 [INFO] [main] [com.liuxin.tspring.engine.LadderRuleExpressParser] (((#countData>200 and #countData<600) or (#countData>600 and #countData<=2000)) or (#countData>20000))
2022-02-22 17:33:52 139 [INFO] [main] [com.liuxin.tspring.engine.LadderRuleExpressParser] true
2022-02-22 17:33:52 139 [INFO] [main] [com.liuxin.tspring.engine.LadderRuleExpressParser] (((#countData>1000 and #countData<1500) or (#countData>1500 and #countData<=2000)) or (#countData>20000))
2022-02-22 17:33:52 139 [INFO] [main] [com.liuxin.tspring.engine.LadderRuleExpressParser] true
2022-02-22 17:34:03 673 [INFO] [main] [com.liuxin.tspring.engine.LadderRuleExpressParser] (((#countData>10 and #countData<100) or (#countData>100 and #countData<=2000)) or (#countData>20000))
2022-02-22 17:34:03 685 [INFO] [main] [com.liuxin.tspring.engine.LadderRuleExpressParser] true
2022-02-22 17:34:03 685 [INFO] [main] [com.liuxin.tspring.engine.LadderRuleExpressParser] (((#countData>200 and #countData<600) or (#countData>600 and #countData<=2000)) or (#countData>20000))
2022-02-22 17:34:03 685 [INFO] [main] [com.liuxin.tspring.engine.LadderRuleExpressParser] true
2022-02-22 17:34:03 685 [INFO] [main] [com.liuxin.tspring.engine.LadderRuleExpressParser] (((#countData>1000 and #countData<1500) or (#countData>1500 and #countData<=2000)) or (#countData>20000))
2022-02-22 17:34:03 686 [INFO] [main] [com.liuxin.tspring.engine.LadderRuleExpressParser] true
2022-02-22 17:34:35 574 [INFO] [main] [com.liuxin.tspring.engine.LadderRuleExpressParser] ((#countData>10 and #countData<100) or (#countData>100 and #countData<=2000))
2022-02-22 17:34:35 590 [INFO] [main] [com.liuxin.tspring.engine.LadderRuleExpressParser] false
2022-02-22 17:34:35 590 [INFO] [main] [com.liuxin.tspring.engine.LadderRuleExpressParser] ((#countData>200 and #countData<600) or (#countData>600 and #countData<=2000))
2022-02-22 17:34:35 591 [INFO] [main] [com.liuxin.tspring.engine.LadderRuleExpressParser] false
2022-02-22 17:34:35 591 [INFO] [main] [com.liuxin.tspring.engine.LadderRuleExpressParser] ((#countData>1000 and #countData<1500) or (#countData>1500 and #countData<=2000))
2022-02-22 17:34:35 591 [INFO] [main] [com.liuxin.tspring.engine.LadderRuleExpressParser] false
2022-02-22 17:35:12 659 [INFO] [main] [com.liuxin.tspring.engine.LadderRuleExpressParser] (#countData>10 and #countData<100)
2022-02-22 17:35:12 669 [INFO] [main] [com.liuxin.tspring.engine.LadderRuleExpressParser] false
2022-02-22 17:35:12 669 [INFO] [main] [com.liuxin.tspring.engine.LadderRuleExpressParser] (#countData>200 and #countData<600)
2022-02-22 17:35:12 669 [INFO] [main] [com.liuxin.tspring.engine.LadderRuleExpressParser] false
2022-02-22 17:35:12 669 [INFO] [main] [com.liuxin.tspring.engine.LadderRuleExpressParser] (#countData>1000 and #countData<1500)
2022-02-22 17:35:12 669 [INFO] [main] [com.liuxin.tspring.engine.LadderRuleExpressParser] false
2022-02-22 17:42:55 656 [INFO] [main] [com.liuxin.tspring.engine.LadderRuleExpressParser] ((#countData>10 and #countData<100) or (#countData>100))
2022-02-22 17:42:55 669 [INFO] [main] [com.liuxin.tspring.engine.LadderRuleExpressParser] true
2022-02-22 17:42:55 669 [INFO] [main] [com.liuxin.tspring.engine.LadderRuleExpressParser] ((#countData>200 and #countData<600) or (#countData>600))
2022-02-22 17:42:55 670 [INFO] [main] [com.liuxin.tspring.engine.LadderRuleExpressParser] true
2022-02-22 17:42:55 670 [INFO] [main] [com.liuxin.tspring.engine.LadderRuleExpressParser] ((#countData>1000 and #countData<1500) or (#countData>1500))
2022-02-22 17:42:55 670 [INFO] [main] [com.liuxin.tspring.engine.LadderRuleExpressParser] true
2022-02-22 18:06:44 682 [INFO] [main] [com.liuxin.tspring.engine.LadderRuleExpressParser] ((countData>10countData<100)(countData>100))
2022-02-22 18:06:44 683 [INFO] [main] [com.liuxin.tspring.engine.LadderRuleExpressParser] ((countData>200countData<600)(countData>600))
2022-02-22 18:06:44 683 [INFO] [main] [com.liuxin.tspring.engine.LadderRuleExpressParser] ((countData>1000countData<1500)(countData>1500))
2022-02-22 18:08:18 762 [INFO] [main] [com.liuxin.tspring.engine.LadderRuleExpressParser] ((countData>10countData<100)(countData>100))
2022-02-22 18:08:18 763 [INFO] [main] [com.liuxin.tspring.engine.LadderRuleExpressParser] ((countData>200countData<600)(countData>600))
2022-02-22 18:08:18 764 [INFO] [main] [com.liuxin.tspring.engine.LadderRuleExpressParser] ((countData>1000countData<1500)(countData>1500))
2022-02-22 18:09:12 814 [INFO] [main] [com.liuxin.tspring.engine.LadderRuleExpressParser] ((countData>10countData<100)(countData>100))
2022-02-22 18:09:12 814 [INFO] [main] [com.liuxin.tspring.engine.LadderRuleExpressParser] ((countData>200countData<600)(countData>600))
2022-02-22 18:09:12 814 [INFO] [main] [com.liuxin.tspring.engine.LadderRuleExpressParser] ((countData>1000countData<1500)(countData>1500))
2022-02-22 18:10:19 840 [INFO] [main] [com.liuxin.tspring.engine.LadderRuleExpressParser] ((countData>10countData<100)(countData>100))
2022-02-22 18:10:19 840 [INFO] [main] [com.liuxin.tspring.engine.LadderRuleExpressParser] ((countData>200countData<600)(countData>600))
2022-02-22 18:10:19 841 [INFO] [main] [com.liuxin.tspring.engine.LadderRuleExpressParser] ((countData>1000countData<1500)(countData>1500))
2022-02-22 18:12:56 261 [INFO] [main] [com.liuxin.tspring.engine.LadderRuleExpressParser] ((countData>10 and countData<100) or (countData>100))
2022-02-22 18:12:56 261 [INFO] [main] [com.liuxin.tspring.engine.LadderRuleExpressParser] ((countData>200 and countData<600) or (countData>600))
2022-02-22 18:12:56 262 [INFO] [main] [com.liuxin.tspring.engine.LadderRuleExpressParser] ((countData>1000 and countData<1500) or (countData>1500))
2022-02-22 18:13:49 926 [INFO] [main] [com.liuxin.tspring.engine.LadderRuleExpressParser] ((countData>10 and countData<100) or (countData>100))
2022-02-22 18:14:07 686 [INFO] [main] [com.liuxin.tspring.engine.LadderRuleExpressParser] ((#countData>10 and #countData<100) or (#countData>100))
2022-02-22 18:14:07 690 [INFO] [main] [com.liuxin.tspring.engine.LadderRuleExpressParser] true
2022-02-22 18:14:07 690 [INFO] [main] [com.liuxin.tspring.engine.LadderRuleExpressParser] ((#countData>200 and #countData<600) or (#countData>600))
2022-02-22 18:14:07 690 [INFO] [main] [com.liuxin.tspring.engine.LadderRuleExpressParser] true
2022-02-22 18:14:07 690 [INFO] [main] [com.liuxin.tspring.engine.LadderRuleExpressParser] (#countData>1000)
2022-02-22 18:14:07 690 [INFO] [main] [com.liuxin.tspring.engine.LadderRuleExpressParser] true
2022-02-22 18:14:36 467 [INFO] [main] [com.liuxin.tspring.engine.LadderRuleExpressParser] (#countData>10 and #countData<100)
2022-02-22 18:14:36 471 [INFO] [main] [com.liuxin.tspring.engine.LadderRuleExpressParser] false
2022-02-22 18:14:36 471 [INFO] [main] [com.liuxin.tspring.engine.LadderRuleExpressParser] (#countData>200 and #countData<600)
2022-02-22 18:14:36 471 [INFO] [main] [com.liuxin.tspring.engine.LadderRuleExpressParser] false
2022-02-22 18:14:36 471 [INFO] [main] [com.liuxin.tspring.engine.LadderRuleExpressParser] (#countData>1000)
2022-02-22 18:14:36 471 [INFO] [main] [com.liuxin.tspring.engine.LadderRuleExpressParser] true
2022-02-22 18:14:52 976 [INFO] [main] [com.liuxin.tspring.engine.LadderRuleExpressParser] ((#countData>10 and #countData<100) or (#countData>100))
2022-02-22 18:14:52 980 [INFO] [main] [com.liuxin.tspring.engine.LadderRuleExpressParser] true
2022-02-22 18:14:52 981 [INFO] [main] [com.liuxin.tspring.engine.LadderRuleExpressParser] ((#countData>200 and #countData<600) or (#countData>600))
2022-02-22 18:14:52 981 [INFO] [main] [com.liuxin.tspring.engine.LadderRuleExpressParser] true
2022-02-22 18:14:52 981 [INFO] [main] [com.liuxin.tspring.engine.LadderRuleExpressParser] (#countData>1000)
2022-02-22 18:14:52 981 [INFO] [main] [com.liuxin.tspring.engine.LadderRuleExpressParser] true
2022-02-22 18:17:23 172 [INFO] [main] [com.liuxin.tspring.engine.LadderRuleExpressParser] ((#countData>10 and #countData<100) or (#countData>100))
2022-02-22 18:17:23 175 [INFO] [main] [com.liuxin.tspring.engine.LadderRuleExpressParser] true
2022-02-22 18:17:23 175 [INFO] [main] [com.liuxin.tspring.engine.LadderRuleExpressParser] ((#countData>200 and #countData<600) or (#countData>600))
2022-02-22 18:17:23 175 [INFO] [main] [com.liuxin.tspring.engine.LadderRuleExpressParser] true
2022-02-22 18:17:23 175 [INFO] [main] [com.liuxin.tspring.engine.LadderRuleExpressParser] (#countData>1000)
2022-02-22 18:17:23 176 [INFO] [main] [com.liuxin.tspring.engine.LadderRuleExpressParser] true
2022-02-22 18:21:48 146 [INFO] [main] [com.liuxin.tspring.engine.LadderRuleExpressParser] ((#countData>10 and #countData<=100) or (#countData>100))
2022-02-22 18:21:48 149 [INFO] [main] [com.liuxin.tspring.engine.LadderRuleExpressParser] true
2022-02-22 18:21:48 150 [INFO] [main] [com.liuxin.tspring.engine.LadderRuleExpressParser] ((#countData>200 and #countData<=600) or (#countData>600))
2022-02-22 18:21:48 150 [INFO] [main] [com.liuxin.tspring.engine.LadderRuleExpressParser] true
2022-02-22 18:21:48 150 [INFO] [main] [com.liuxin.tspring.engine.LadderRuleExpressParser] (#countData>1000)
2022-02-22 18:21:48 150 [INFO] [main] [com.liuxin.tspring.engine.LadderRuleExpressParser] true
2022-02-22 18:23:17 480 [INFO] [main] [com.liuxin.tspring.engine.LadderRuleExpressParser] (#countData>10 and #countData<=100)
2022-02-22 18:23:17 482 [INFO] [main] [com.liuxin.tspring.engine.LadderRuleExpressParser] false
2022-02-22 18:23:17 482 [INFO] [main] [com.liuxin.tspring.engine.LadderRuleExpressParser] (#countData>200 and #countData<=600)
2022-02-22 18:23:17 483 [INFO] [main] [com.liuxin.tspring.engine.LadderRuleExpressParser] false
2022-02-22 18:23:17 483 [INFO] [main] [com.liuxin.tspring.engine.LadderRuleExpressParser] (#countData>1000)
2022-02-22 18:23:17 483 [INFO] [main] [com.liuxin.tspring.engine.LadderRuleExpressParser] true
2022-02-22 18:25:28 788 [INFO] [main] [com.liuxin.tspring.engine.LadderRuleExpressParser] ((#countData>10 and #countData<=100) or (#countData>100))
2022-02-22 18:25:28 791 [INFO] [main] [com.liuxin.tspring.engine.LadderRuleExpressParser] true
2022-02-22 18:25:28 791 [INFO] [main] [com.liuxin.tspring.engine.LadderRuleExpressParser] ((#countData>200 and #countData<=600) or (#countData>600))
2022-02-22 18:25:28 792 [INFO] [main] [com.liuxin.tspring.engine.LadderRuleExpressParser] true
2022-02-22 18:25:28 792 [INFO] [main] [com.liuxin.tspring.engine.LadderRuleExpressParser] (#countData>1000)
2022-02-22 18:25:28 792 [INFO] [main] [com.liuxin.tspring.engine.LadderRuleExpressParser] true
